Started | Input File: ../uploads/del_item.txt | Date: 27-08-2020 15:09:40

List name	List ID	Item UUID	Item deleted	List Published
Library Systems List 3	185251D1-23F3-F0CF-00C7-286D4645F07C	Library Systems List 3	455b1404-1b98-4427-a10a-c2e63856a109	
Stopped | End of File: ../uploads/del_item.txt | Date: 27-08-2020 15:09:41
Started | Input File: ../uploads/del_item.txt | Date: 27-08-2020 15:10:56

List name	List ID	Item UUID	Item deleted	List Published
Library Systems List 3	185251D1-23F3-F0CF-00C7-286D4645F07C	Library Systems List 3	455b1404-1b98-4427-a10a-c2e63856a109	Library Systems List 3	185251D1-23F3-F0CF-00C7-286D4645F07C	Library Systems List 3	9df747cd-ac6a-434f-8baf-0daa9ab13f0d	Library Systems List 8	BC011E42-A395-9248-E147-1C869BFECF02	Library Systems List 8	4f395fd8-475b-4ea5-b1e1-3e9ef4865d3b	
Stopped | End of File: ../uploads/del_item.txt | Date: 27-08-2020 15:10:58
Started | Input File: ../uploads/del_item.txt | Date: 27-08-2020 15:36:09

List name	List ID	Item UUID	Item deleted	List Published
Library Systems List 3	185251D1-23F3-F0CF-00C7-286D4645F07C	Library Systems List 3	455b1404-1b98-4427-a10a-c2e63856a109	Library Systems List 3	185251D1-23F3-F0CF-00C7-286D4645F07C	Library Systems List 3	9df747cd-ac6a-434f-8baf-0daa9ab13f0d	Library Systems List 8	BC011E42-A395-9248-E147-1C869BFECF02	Library Systems List 8	4f395fd8-475b-4ea5-b1e1-3e9ef4865d3b	
Stopped | End of File: ../uploads/del_item.txt | Date: 27-08-2020 15:36:11
Started | Input File: ../uploads/del_item.txt | Date: 27-08-2020 15:36:26

List name	List ID	Item UUID	Item deleted	List Published
Library Systems List 3	185251D1-23F3-F0CF-00C7-286D4645F07C	Library Systems List 3	455b1404-1b98-4427-a10a-c2e63856a109	Library Systems List 3	185251D1-23F3-F0CF-00C7-286D4645F07C	Library Systems List 3	9df747cd-ac6a-434f-8baf-0daa9ab13f0d	Library Systems List 8	BC011E42-A395-9248-E147-1C869BFECF02	Library Systems List 8	4f395fd8-475b-4ea5-b1e1-3e9ef4865d3b	
Stopped | End of File: ../uploads/del_item.txt | Date: 27-08-2020 15:36:27
Started | Input File: ../uploads/del_item.txt | Date: 27-08-2020 15:38:46

List name	List ID	Item UUID	Item deleted	List Published
Library Systems List 3	185251D1-23F3-F0CF-00C7-286D4645F07C	Library Systems List 3	455b1404-1b98-4427-a10a-c2e63856a109	Library Systems List 3	185251D1-23F3-F0CF-00C7-286D4645F07C	Library Systems List 3	9df747cd-ac6a-434f-8baf-0daa9ab13f0d	Library Systems List 8	BC011E42-A395-9248-E147-1C869BFECF02	Library Systems List 8	4f395fd8-475b-4ea5-b1e1-3e9ef4865d3b	
Stopped | End of File: ../uploads/del_item.txt | Date: 27-08-2020 15:38:47
Started | Input File: ../uploads/del_item.txt | Date: 27-08-2020 15:38:57

List name	List ID	Item UUID	Item deleted	List Published
Library Systems List 3	185251D1-23F3-F0CF-00C7-286D4645F07C	Library Systems List 3	455b1404-1b98-4427-a10a-c2e63856a109	Library Systems List 3	185251D1-23F3-F0CF-00C7-286D4645F07C	Library Systems List 3	9df747cd-ac6a-434f-8baf-0daa9ab13f0d	Library Systems List 8	BC011E42-A395-9248-E147-1C869BFECF02	Library Systems List 8	4f395fd8-475b-4ea5-b1e1-3e9ef4865d3b	
Stopped | End of File: ../uploads/del_item.txt | Date: 27-08-2020 15:38:58
Started | Input File: ../uploads/del_item.txt | Date: 27-08-2020 15:41:05

List name	List ID	Item UUID	Item deleted	List Published
Library Systems List 3	185251D1-23F3-F0CF-00C7-286D4645F07C	Library Systems List 3	455b1404-1b98-4427-a10a-c2e63856a109	Library Systems List 3	185251D1-23F3-F0CF-00C7-286D4645F07C	Library Systems List 3	9df747cd-ac6a-434f-8baf-0daa9ab13f0d	Library Systems List 8	BC011E42-A395-9248-E147-1C869BFECF02	Library Systems List 8	4f395fd8-475b-4ea5-b1e1-3e9ef4865d3b	
Stopped | End of File: ../uploads/del_item.txt | Date: 27-08-2020 15:41:07
Started | Input File: ../uploads/del_item.txt | Date: 27-08-2020 15:44:48

List name	List ID	Item UUID	Item deleted	List Published
Library Systems List 3	185251D1-23F3-F0CF-00C7-286D4645F07C	Library Systems List 3	455b1404-1b98-4427-a10a-c2e63856a109	Library Systems List 3	185251D1-23F3-F0CF-00C7-286D4645F07C	Library Systems List 3	9df747cd-ac6a-434f-8baf-0daa9ab13f0d	Library Systems List 8	BC011E42-A395-9248-E147-1C869BFECF02	Library Systems List 8	4f395fd8-475b-4ea5-b1e1-3e9ef4865d3b	
Stopped | End of File: ../uploads/del_item.txt | Date: 27-08-2020 15:44:49
Started | Input File: ../uploads/del_item.txt | Date: 27-08-2020 15:47:25

List name	List ID	Item UUID	Item deleted	List Published
Library Systems List 3	185251D1-23F3-F0CF-00C7-286D4645F07C	Library Systems List 3	455b1404-1b98-4427-a10a-c2e63856a109	Library Systems List 3	185251D1-23F3-F0CF-00C7-286D4645F07C	Library Systems List 3	9df747cd-ac6a-434f-8baf-0daa9ab13f0d	Library Systems List 8	BC011E42-A395-9248-E147-1C869BFECF02	Library Systems List 8	4f395fd8-475b-4ea5-b1e1-3e9ef4865d3b	
Stopped | End of File: ../uploads/del_item.txt | Date: 27-08-2020 15:47:26
Started | Input File: ../uploads/del_item.txt | Date: 27-08-2020 15:49:01

List name	List ID	Item UUID	Item deleted	List Published
Library Systems List 3	185251D1-23F3-F0CF-00C7-286D4645F07C	Library Systems List 3	455b1404-1b98-4427-a10a-c2e63856a109	Library Systems List 3	185251D1-23F3-F0CF-00C7-286D4645F07C	Library Systems List 3	9df747cd-ac6a-434f-8baf-0daa9ab13f0d	Library Systems List 8	BC011E42-A395-9248-E147-1C869BFECF02	Library Systems List 8	4f395fd8-475b-4ea5-b1e1-3e9ef4865d3b	
Stopped | End of File: ../uploads/del_item.txt | Date: 27-08-2020 15:49:02
Started | Input File: ../uploads/del_item.txt | Date: 27-08-2020 15:52:22

List name	List ID	Item UUID	Item deleted	List Published
Library Systems List 3	185251D1-23F3-F0CF-00C7-286D4645F07C	Library Systems List 3	455b1404-1b98-4427-a10a-c2e63856a109	Item deleted successfully	Library Systems List 3	185251D1-23F3-F0CF-00C7-286D4645F07C	Library Systems List 3	9df747cd-ac6a-434f-8baf-0daa9ab13f0d	Item deleted successfully	Library Systems List 8	BC011E42-A395-9248-E147-1C869BFECF02	Library Systems List 8	4f395fd8-475b-4ea5-b1e1-3e9ef4865d3b	Item deleted successfully	Published successfully	

Stopped | End of File: ../uploads/del_item.txt | Date: 27-08-2020 15:52:26
Started | Input File: ../uploads/deltest.txt | Date: 12-11-2021 11:43:22

List name	List ID	Item UUID	Item deleted	List Published
Started | Input File: ../uploads/deltest.txt | Date: 12-11-2021 11:51:22

List name	List ID	Item UUID	Item deleted	List Published
Started | Input File: ../uploads/deltest.txt | Date: 12-11-2021 11:53:37

List name	List ID	Item UUID	Item deleted	List Published

Stopped | End of File: ../uploads/deltest.txt | Date: 12-11-2021 11:53:37
Started | Input File: ../uploads/deltest.txt | Date: 12-11-2021 11:55:24

List name	List ID	Item UUID	Item deleted	List Published
TEST LIST II (MK)	BD904608-5CB2-8A59-9428-6682EFD7B20E	TEST LIST II (MK)	https://rl.talis.com/3/westminster/items/333961c7-4201-4e67-b5d9-99baa1f8fe01.html?lang=en&login=1	
Stopped | End of File: ../uploads/deltest.txt | Date: 12-11-2021 11:55:24
Started | Input File: ../uploads/test.txt | Date: 19-11-2021 11:42:35

List name	List ID	Item UUID	Item deleted	List Published
TEST LIST II (MK)	BD904608-5CB2-8A59-9428-6682EFD7B20E	TEST LIST II (MK)	https://rl.talis.com/3/westminster/items/f86f2974-ee06-4f76-83b8-8d0fdd5c764d.html?lang=en&login=1	TEST LIST II (MK)	BD904608-5CB2-8A59-9428-6682EFD7B20E	TEST LIST II (MK)	https://rl.talis.com/3/westminster/items/f86f2974-ee06-4f76-83b8-8d0fdd5c764d.html?lINVALID	TEST LIST II (MK)	BD904608-5CB2-8A59-9428-6682EFD7B20E	TEST LIST II (MK)	rl.talis.com/3/westminster/items/f86f2974-ee06-4f76-83b8-8d0fdd5c764d.html?lang=en&login=1	
Stopped | End of File: ../uploads/test.txt | Date: 19-11-2021 11:42:38
Started | Input File: ../uploads/test.txt | Date: 19-11-2021 11:43:58

List name	List ID	Item UUID	Item deleted	List Published
TEST LIST II (MK)	BD904608-5CB2-8A59-9428-6682EFD7B20E	TEST LIST II (MK)	https://rl.talis.com/3/westminster/items/f86f2974-ee06-4f76-83b8-8d0fdd5c764d.html?lang=en&login=1	TEST LIST II (MK)	BD904608-5CB2-8A59-9428-6682EFD7B20E	TEST LIST II (MK)	https://rl.talis.com/3/westminster/items/f86f2974-ee06-4f76-83b8-8d0fdd5c764d.html?lINVALID	TEST LIST II (MK)	BD904608-5CB2-8A59-9428-6682EFD7B20E	TEST LIST II (MK)	rl.talis.com/3/westminster/items/f86f2974-ee06-4f76-83b8-8d0fdd5c764d.html?lang=en&login=1	
Stopped | End of File: ../uploads/test.txt | Date: 19-11-2021 11:44:01
Started | Input File: ../uploads/test.txt | Date: 19-11-2021 11:46:26

List name	List ID	Item UUID	Item deleted	List Published
TEST LIST II (MK)	BD904608-5CB2-8A59-9428-6682EFD7B20E	TEST LIST II (MK)	https://rl.talis.com/3/westminster/items/f86f2974-ee06-4f76-83b8-8d0fdd5c764d.html?lang=en&login=1	TEST LIST II (MK)	BD904608-5CB2-8A59-9428-6682EFD7B20E	TEST LIST II (MK)	https://rl.talis.com/3/westminster/items/f86f2974-ee06-4f76-83b8-8d0fdd5c764d.html?lINVALID	TEST LIST II (MK)	BD904608-5CB2-8A59-9428-6682EFD7B20E	TEST LIST II (MK)	rl.talis.com/3/westminster/items/f86f2974-ee06-4f76-83b8-8d0fdd5c764d.html?lang=en&login=1	
Stopped | End of File: ../uploads/test.txt | Date: 19-11-2021 11:46:29
Started | Input File: ../uploads/test.txt | Date: 19-11-2021 11:50:22

List name	List ID	Item UUID	Item deleted	List Published
TEST LIST II (MK)	BD904608-5CB2-8A59-9428-6682EFD7B20E	TEST LIST II (MK)	https://rl.talis.com/3/westminster/items/f86f2974-ee06-4f76-83b8-8d0fdd5c764d.html?lang=en&login=1	TEST LIST II (MK)	BD904608-5CB2-8A59-9428-6682EFD7B20E	TEST LIST II (MK)	https://rl.talis.com/3/westminster/items/f86f2974-ee06-4f76-83b8-8d0fdd5c764d.html?lINVALID	TEST LIST II (MK)	BD904608-5CB2-8A59-9428-6682EFD7B20E	TEST LIST II (MK)	rl.talis.com/3/westminster/items/f86f2974-ee06-4f76-83b8-8d0fdd5c764d.html?lang=en&login=1	
Stopped | End of File: ../uploads/test.txt | Date: 19-11-2021 11:50:26
Started | Input File: ../uploads/test.txt | Date: 19-11-2021 11:53:15

List name	List ID	Item UUID	Item deleted	List Published
TEST LIST II (MK)	BD904608-5CB2-8A59-9428-6682EFD7B20E	TEST LIST II (MK)	https://rl.talis.com/3/westminster/items/f86f2974-ee06-4f76-83b8-8d0fdd5c764d.html?lang=en&login=1	TEST LIST II (MK)	BD904608-5CB2-8A59-9428-6682EFD7B20E	TEST LIST II (MK)	https://rl.talis.com/3/westminster/items/f86f2974-ee06-4f76-83b8-8d0fdd5c764d.html?lINVALID	TEST LIST II (MK)	BD904608-5CB2-8A59-9428-6682EFD7B20E	TEST LIST II (MK)	rl.talis.com/3/westminster/items/f86f2974-ee06-4f76-83b8-8d0fdd5c764d.html?lang=en&login=1	
Stopped | End of File: ../uploads/test.txt | Date: 19-11-2021 11:53:17
Started | Input File: ../uploads/test.txt | Date: 19-11-2021 11:59:43

List name	List ID	Item UUID	Item deleted	List Published
TEST LIST II (MK)	BD904608-5CB2-8A59-9428-6682EFD7B20E	TEST LIST II (MK)	https://rl.talis.com/3/westminster/items/f86f2974-ee06-4f76-83b8-8d0fdd5c764d.html?lang=en&login=1	TEST LIST II (MK)	BD904608-5CB2-8A59-9428-6682EFD7B20E	TEST LIST II (MK)	https://rl.talis.com/3/westminster/items/f86f2974-ee06-4f76-83b8-8d0fdd5c764d.html?lINVALID	TEST LIST II (MK)	BD904608-5CB2-8A59-9428-6682EFD7B20E	TEST LIST II (MK)	rl.talis.com/3/westminster/items/f86f2974-ee06-4f76-83b8-8d0fdd5c764d.html?lang=en&login=1	
Stopped | End of File: ../uploads/test.txt | Date: 19-11-2021 11:59:45
Started | Input File: ../uploads/test.txt | Date: 19-11-2021 12:08:34

List name	List ID	Item UUID	Item deleted	List Published
TEST LIST II (MK)	BD904608-5CB2-8A59-9428-6682EFD7B20E	TEST LIST II (MK)	https://rl.talis.com/3/westminster/items/f86f2974-ee06-4f76-83b8-8d0fdd5c764d.html?lang=en&login=1	TEST LIST II (MK)	BD904608-5CB2-8A59-9428-6682EFD7B20E	TEST LIST II (MK)	https://rl.talis.com/3/westminster/items/f86f2974-ee06-4f76-83b8-8d0fdd5c764d.html?lINVALID	TEST LIST II (MK)	BD904608-5CB2-8A59-9428-6682EFD7B20E	TEST LIST II (MK)	rl.talis.com/3/westminster/items/f86f2974-ee06-4f76-83b8-8d0fdd5c764d.html?lang=en&login=1	
Stopped | End of File: ../uploads/test.txt | Date: 19-11-2021 12:08:36
Started | Input File: ../uploads/test.txt | Date: 19-11-2021 12:11:54

List name	List ID	Item UUID	Item deleted	List Published
TEST LIST II (MK)	BD904608-5CB2-8A59-9428-6682EFD7B20E	TEST LIST II (MK)	https://rl.talis.com/3/westminster/items/f86f2974-ee06-4f76-83b8-8d0fdd5c764d.html?lang=en&login=1	TEST LIST II (MK)	BD904608-5CB2-8A59-9428-6682EFD7B20E	TEST LIST II (MK)	https://rl.talis.com/3/westminster/items/f86f2974-ee06-4f76-83b8-8d0fdd5c764d.html?lINVALID	TEST LIST II (MK)	BD904608-5CB2-8A59-9428-6682EFD7B20E	TEST LIST II (MK)	rl.talis.com/3/westminster/items/f86f2974-ee06-4f76-83b8-8d0fdd5c764d.html?lang=en&login=1	
Stopped | End of File: ../uploads/test.txt | Date: 19-11-2021 12:11:56
Started | Input File: ../uploads/test.txt | Date: 19-11-2021 12:14:18

List name	List ID	Item UUID	Item deleted	List Published

Stopped | End of File: ../uploads/test.txt | Date: 19-11-2021 12:14:21
Started | Input File: ../uploads/test.txt | Date: 19-11-2021 12:23:08

List name	List ID	Item UUID	Item deleted	List Published

Stopped | End of File: ../uploads/test.txt | Date: 19-11-2021 12:23:10
Started | Input File: ../uploads/test.txt | Date: 19-11-2021 12:24:42

List name	List ID	Item UUID	Item deleted	List Published

Stopped | End of File: ../uploads/test.txt | Date: 19-11-2021 12:24:44
Started | Input File: ../uploads/test.txt | Date: 19-11-2021 12:27:13

List name	List ID	Item UUID	Item deleted	List Published

Stopped | End of File: ../uploads/test.txt | Date: 19-11-2021 12:27:15
